  Pz3.cpp
D:\ABC\Pz3\Pz3\Pz3.cpp(33,5): error C4235: использовано нестандартное расширение: ключевое слово "__asm" данной архитектурой не поддерживается
D:\ABC\Pz3\Pz3\Pz3.cpp(34,13): error C2110: +: невозможно добавить два указателя
D:\ABC\Pz3\Pz3\Pz3.cpp(35,9): error C2146: синтаксическая ошибка: отсутствие ";" перед идентификатором "lea"
D:\ABC\Pz3\Pz3\Pz3.cpp(35,9): error C2065: lea: необъявленный идентификатор
D:\ABC\Pz3\Pz3\Pz3.cpp(35,13): error C2146: синтаксическая ошибка: отсутствие ";" перед идентификатором "eax"
D:\ABC\Pz3\Pz3\Pz3.cpp(35,13): error C2065: eax: необъявленный идентификатор
D:\ABC\Pz3\Pz3\Pz3.cpp(36,9): error C2146: синтаксическая ошибка: отсутствие ";" перед идентификатором "lea"
D:\ABC\Pz3\Pz3\Pz3.cpp(36,9): error C2065: lea: необъявленный идентификатор
D:\ABC\Pz3\Pz3\Pz3.cpp(36,13): error C2146: синтаксическая ошибка: отсутствие ";" перед идентификатором "ebx"
D:\ABC\Pz3\Pz3\Pz3.cpp(36,13): error C2065: ebx: необъявленный идентификатор
D:\ABC\Pz3\Pz3\Pz3.cpp(38,9): error C2146: синтаксическая ошибка: отсутствие ";" перед идентификатором "movq"
D:\ABC\Pz3\Pz3\Pz3.cpp(38,9): error C2065: movq: необъявленный идентификатор
D:\ABC\Pz3\Pz3\Pz3.cpp(38,14): error C2146: синтаксическая ошибка: отсутствие ";" перед идентификатором "mm0"
D:\ABC\Pz3\Pz3\Pz3.cpp(38,14): error C2065: mm0: необъявленный идентификатор
D:\ABC\Pz3\Pz3\Pz3.cpp(39,9): error C2760: синтаксическая ошибка: непредвиденный элемент "movq". Ожидается "{"
D:\ABC\Pz3\Pz3\Pz3.cpp(39,14): error C2065: mm1: необъявленный идентификатор
D:\ABC\Pz3\Pz3\Pz3.cpp(41,9): error C2760: синтаксическая ошибка: непредвиденный элемент "movq". Ожидается "{"
D:\ABC\Pz3\Pz3\Pz3.cpp(41,14): error C2065: mm2: необъявленный идентификатор
D:\ABC\Pz3\Pz3\Pz3.cpp(41,19): error C2065: mm0: необъявленный идентификатор
D:\ABC\Pz3\Pz3\Pz3.cpp(42,9): error C2146: синтаксическая ошибка: отсутствие "," перед идентификатором "movq"
D:\ABC\Pz3\Pz3\Pz3.cpp(49,11): error C2065: to: необъявленный идентификатор
D:\ABC\Pz3\Pz3\Pz3.cpp(49,14): error C2143: синтаксическая ошибка: отсутствие ";" перед "константа"
D:\ABC\Pz3\Pz3\Pz3.cpp(49,19): error C2065: bit: необъявленный идентификатор
D:\ABC\Pz3\Pz3\Pz3.cpp(50,11): error C2065: low: необъявленный идентификатор
D:\ABC\Pz3\Pz3\Pz3.cpp(51,9): error C2146: синтаксическая ошибка: отсутствие ";" перед идентификатором "punpcklbw"
D:\ABC\Pz3\Pz3\Pz3.cpp(51,9): error C2065: punpcklbw: необъявленный идентификатор
D:\ABC\Pz3\Pz3\Pz3.cpp(51,19): error C2146: синтаксическая ошибка: отсутствие ";" перед идентификатором "mm0"
D:\ABC\Pz3\Pz3\Pz3.cpp(51,19): error C2065: mm0: необъявленный идентификатор
D:\ABC\Pz3\Pz3\Pz3.cpp(51,24): error C2065: mm4: необъявленный идентификатор
D:\ABC\Pz3\Pz3\Pz3.cpp(52,9): error C2146: синтаксическая ошибка: отсутствие ";" перед идентификатором "punpcklbw"
D:\ABC\Pz3\Pz3\Pz3.cpp(52,9): error C2065: punpcklbw: необъявленный идентификатор
D:\ABC\Pz3\Pz3\Pz3.cpp(52,19): error C2146: синтаксическая ошибка: отсутствие ";" перед идентификатором "mm1"
D:\ABC\Pz3\Pz3\Pz3.cpp(52,19): error C2065: mm1: необъявленный идентификатор
D:\ABC\Pz3\Pz3\Pz3.cpp(52,24): error C2065: mm5: необъявленный идентификатор
D:\ABC\Pz3\Pz3\Pz3.cpp(53,11): error C2065: high: необъявленный идентификатор
D:\ABC\Pz3\Pz3\Pz3.cpp(54,9): error C2146: синтаксическая ошибка: отсутствие ";" перед идентификатором "punpckhbw"
D:\ABC\Pz3\Pz3\Pz3.cpp(54,9): error C2065: punpckhbw: необъявленный идентификатор
D:\ABC\Pz3\Pz3\Pz3.cpp(54,19): error C2146: синтаксическая ошибка: отсутствие ";" перед идентификатором "mm2"
D:\ABC\Pz3\Pz3\Pz3.cpp(54,19): error C2065: mm2: необъявленный идентификатор
D:\ABC\Pz3\Pz3\Pz3.cpp(54,24): error C2065: mm4: необъявленный идентификатор
D:\ABC\Pz3\Pz3\Pz3.cpp(55,9): error C2146: синтаксическая ошибка: отсутствие ";" перед идентификатором "punpckhbw"
D:\ABC\Pz3\Pz3\Pz3.cpp(55,9): error C2065: punpckhbw: необъявленный идентификатор
D:\ABC\Pz3\Pz3\Pz3.cpp(55,19): error C2146: синтаксическая ошибка: отсутствие ";" перед идентификатором "mm3"
D:\ABC\Pz3\Pz3\Pz3.cpp(55,19): error C2065: mm3: необъявленный идентификатор
D:\ABC\Pz3\Pz3\Pz3.cpp(55,24): error C2065: mm5: необъявленный идентификатор
D:\ABC\Pz3\Pz3\Pz3.cpp(57,9): error C2146: синтаксическая ошибка: отсутствие ";" перед идентификатором "paddw"
D:\ABC\Pz3\Pz3\Pz3.cpp(57,9): error C2065: paddw: необъявленный идентификатор
D:\ABC\Pz3\Pz3\Pz3.cpp(57,15): error C2146: синтаксическая ошибка: отсутствие ";" перед идентификатором "mm0"
D:\ABC\Pz3\Pz3\Pz3.cpp(57,15): error C2065: mm0: необъявленный идентификатор
D:\ABC\Pz3\Pz3\Pz3.cpp(57,20): error C2065: mm2: необъявленный идентификатор
D:\ABC\Pz3\Pz3\Pz3.cpp(58,9): error C2146: синтаксическая ошибка: отсутствие ";" перед идентификатором "paddw"
D:\ABC\Pz3\Pz3\Pz3.cpp(58,9): error C2065: paddw: необъявленный идентификатор
D:\ABC\Pz3\Pz3\Pz3.cpp(58,15): error C2146: синтаксическая ошибка: отсутствие ";" перед идентификатором "mm1"
D:\ABC\Pz3\Pz3\Pz3.cpp(58,15): error C2065: mm1: необъявленный идентификатор
D:\ABC\Pz3\Pz3\Pz3.cpp(58,20): error C2065: mm3: необъявленный идентификатор
D:\ABC\Pz3\Pz3\Pz3.cpp(60,17): error C2110: +: невозможно добавить два указателя
D:\ABC\Pz3\Pz3\Pz3.cpp(61,9): error C2146: синтаксическая ошибка: отсутствие ";" перед идентификатором "pxor"
D:\ABC\Pz3\Pz3\Pz3.cpp(61,9): error C2065: pxor: необъявленный идентификатор
D:\ABC\Pz3\Pz3\Pz3.cpp(61,14): error C2146: синтаксическая ошибка: отсутствие ";" перед идентификатором "mm2"
D:\ABC\Pz3\Pz3\Pz3.cpp(61,14): error C2065: mm2: необъявленный идентификатор
D:\ABC\Pz3\Pz3\Pz3.cpp(61,19): error C2065: mm2: необъявленный идентификатор
D:\ABC\Pz3\Pz3\Pz3.cpp(62,9): error C2146: синтаксическая ошибка: отсутствие ";" перед идентификатором "pxor"
D:\ABC\Pz3\Pz3\Pz3.cpp(62,9): error C2065: pxor: необъявленный идентификатор
D:\ABC\Pz3\Pz3\Pz3.cpp(62,14): error C2146: синтаксическая ошибка: отсутствие ";" перед идентификатором "mm3"
D:\ABC\Pz3\Pz3\Pz3.cpp(62,14): error C2065: mm3: необъявленный идентификатор
D:\ABC\Pz3\Pz3\Pz3.cpp(62,19): error C2065: mm3: необъявленный идентификатор
D:\ABC\Pz3\Pz3\Pz3.cpp(63,9): error C2146: синтаксическая ошибка: отсутствие ";" перед идентификатором "pxor"
D:\ABC\Pz3\Pz3\Pz3.cpp(63,9): error C2065: pxor: необъявленный идентификатор
D:\ABC\Pz3\Pz3\Pz3.cpp(63,14): error C2146: синтаксическая ошибка: отсутствие ";" перед идентификатором "mm4"
D:\ABC\Pz3\Pz3\Pz3.cpp(63,14): error C2065: mm4: необъявленный идентификатор
D:\ABC\Pz3\Pz3\Pz3.cpp(63,19): error C2065: mm4: необъявленный идентификатор
D:\ABC\Pz3\Pz3\Pz3.cpp(64,9): error C2146: синтаксическая ошибка: отсутствие ";" перед идентификатором "pxor"
D:\ABC\Pz3\Pz3\Pz3.cpp(64,9): error C2065: pxor: необъявленный идентификатор
D:\ABC\Pz3\Pz3\Pz3.cpp(64,14): error C2146: синтаксическая ошибка: отсутствие ";" перед идентификатором "mm5"
D:\ABC\Pz3\Pz3\Pz3.cpp(64,14): error C2065: mm5: необъявленный идентификатор
D:\ABC\Pz3\Pz3\Pz3.cpp(64,19): error C2065: mm5: необъявленный идентификатор
D:\ABC\Pz3\Pz3\Pz3.cpp(66,9): error C2146: синтаксическая ошибка: отсутствие ";" перед идентификатором "lea"
D:\ABC\Pz3\Pz3\Pz3.cpp(66,9): error C2065: lea: необъявленный идентификатор
D:\ABC\Pz3\Pz3\Pz3.cpp(66,13): error C2146: синтаксическая ошибка: отсутствие ";" перед идентификатором "eax"
D:\ABC\Pz3\Pz3\Pz3.cpp(66,13): error C2065: eax: необъявленный идентификатор
D:\ABC\Pz3\Pz3\Pz3.cpp(67,9): error C2146: синтаксическая ошибка: отсутствие ";" перед идентификатором "movq"
D:\ABC\Pz3\Pz3\Pz3.cpp(67,9): error C2065: movq: необъявленный идентификатор
D:\ABC\Pz3\Pz3\Pz3.cpp(67,14): error C2146: синтаксическая ошибка: отсутствие ";" перед идентификатором "mm2"
D:\ABC\Pz3\Pz3\Pz3.cpp(67,14): error C2065: mm2: необъявленный идентификатор
D:\ABC\Pz3\Pz3\Pz3.cpp(68,9): error C2760: синтаксическая ошибка: непредвиденный элемент "movq". Ожидается "{"
D:\ABC\Pz3\Pz3\Pz3.cpp(68,14): error C2065: mm3: необъявленный идентификатор
D:\ABC\Pz3\Pz3\Pz3.cpp(68,19): error C2065: mm2: необъявленный идентификатор
D:\ABC\Pz3\Pz3\Pz3.cpp(70,9): error C2146: синтаксическая ошибка: отсутствие "," перед идентификатором "pmaddwd"
D:\ABC\Pz3\Pz3\Pz3.cpp(72,11): error C2065: result: необъявленный идентификатор
D:\ABC\Pz3\Pz3\Pz3.cpp(72,18): error C2146: синтаксическая ошибка: отсутствие ";" перед идентификатором "in"
D:\ABC\Pz3\Pz3\Pz3.cpp(72,18): error C2065: in: необъявленный идентификатор
D:\ABC\Pz3\Pz3\Pz3.cpp(72,21): error C2146: синтаксическая ошибка: отсутствие ";" перед идентификатором "mm0"
D:\ABC\Pz3\Pz3\Pz3.cpp(72,21): error C2065: mm0: необъявленный идентификатор
D:\ABC\Pz3\Pz3\Pz3.cpp(72,29): error C2065: mm1: необъявленный идентификатор
D:\ABC\Pz3\Pz3\Pz3.cpp(74,17): error C2110: +: невозможно добавить два указателя
D:\ABC\Pz3\Pz3\Pz3.cpp(75,11): error C2065: unpacking: необъявленный идентификатор
D:\ABC\Pz3\Pz3\Pz3.cpp(75,21): error C2146: синтаксическая ошибка: отсутствие ";" перед идентификатором "to"
D:\ABC\Pz3\Pz3\Pz3.cpp(75,21): error C2065: to: необъявленный идентификатор
D:\ABC\Pz3\Pz3\Pz3.cpp(75,24): error C2143: синтаксическая ошибка: отсутствие ";" перед "user-defined literal"
D:\ABC\Pz3\Pz3\Pz3.cpp(75,24): error C3688: недопустимый литеральный суффикс "bit"; не удалось найти литеральный оператор или шаблон литерального оператора "operator ""bit"
D:\ABC\Pz3\Pz3\Pz3.cpp(75,31): error C2065: because: необъявленный идентификатор
D:\ABC\Pz3\Pz3\Pz3.cpp(75,39): error C2146: синтаксическая ошибка: отсутствие ";" перед идентификатором "d"
D:\ABC\Pz3\Pz3\Pz3.cpp(75,39): error C1003: число ошибок превышает 100; остановка компиляции
