  Pz4.cpp
D:\ABC\Pz4\Pz4\Pz4.cpp(45,5): error C4235: использовано нестандартное расширение: ключевое слово "__asm" данной архитектурой не поддерживается
D:\ABC\Pz4\Pz4\Pz4.cpp(46,9): error C2065: lea: необъявленный идентификатор
D:\ABC\Pz4\Pz4\Pz4.cpp(46,13): error C2146: синтаксическая ошибка: отсутствие ";" перед идентификатором "eax"
D:\ABC\Pz4\Pz4\Pz4.cpp(46,13): error C2065: eax: необъявленный идентификатор
D:\ABC\Pz4\Pz4\Pz4.cpp(47,9): error C2146: синтаксическая ошибка: отсутствие ";" перед идентификатором "movdqu"
D:\ABC\Pz4\Pz4\Pz4.cpp(47,9): error C2065: movdqu: необъявленный идентификатор
D:\ABC\Pz4\Pz4\Pz4.cpp(47,16): error C2146: синтаксическая ошибка: отсутствие ";" перед идентификатором "xmm0"
D:\ABC\Pz4\Pz4\Pz4.cpp(47,16): error C2065: xmm0: необъявленный идентификатор
D:\ABC\Pz4\Pz4\Pz4.cpp(47,22): error C2065: eax: необъявленный идентификатор
D:\ABC\Pz4\Pz4\Pz4.cpp(48,9): error C2146: синтаксическая ошибка: отсутствие ";" перед идентификатором "pmovsxbd"
D:\ABC\Pz4\Pz4\Pz4.cpp(48,9): error C2065: pmovsxbd: необъявленный идентификатор
D:\ABC\Pz4\Pz4\Pz4.cpp(48,18): error C2146: синтаксическая ошибка: отсутствие ";" перед идентификатором "xmm0"
D:\ABC\Pz4\Pz4\Pz4.cpp(48,18): error C2065: xmm0: необъявленный идентификатор
D:\ABC\Pz4\Pz4\Pz4.cpp(48,24): error C2065: xmm0: необъявленный идентификатор
D:\ABC\Pz4\Pz4\Pz4.cpp(50,9): error C2146: синтаксическая ошибка: отсутствие ";" перед идентификатором "mov"
D:\ABC\Pz4\Pz4\Pz4.cpp(50,9): error C2065: mov: необъявленный идентификатор
D:\ABC\Pz4\Pz4\Pz4.cpp(50,13): error C2146: синтаксическая ошибка: отсутствие ";" перед идентификатором "eax"
D:\ABC\Pz4\Pz4\Pz4.cpp(50,13): error C2065: eax: необъявленный идентификатор
D:\ABC\Pz4\Pz4\Pz4.cpp(50,18): error C2065: xmm0: необъявленный идентификатор
D:\ABC\Pz4\Pz4\Pz4.cpp(51,9): error C2146: синтаксическая ошибка: отсутствие ";" перед идентификатором "lea"
D:\ABC\Pz4\Pz4\Pz4.cpp(51,9): error C2065: lea: необъявленный идентификатор
D:\ABC\Pz4\Pz4\Pz4.cpp(51,13): error C2146: синтаксическая ошибка: отсутствие ";" перед идентификатором "mama"
D:\ABC\Pz4\Pz4\Pz4.cpp(51,19): error C2065: xmm0: необъявленный идентификатор
D:\ABC\Pz4\Pz4\Pz4.cpp(52,5): error C2143: синтаксическая ошибка: отсутствие ";" перед "}"
